<?xml version="1.0" encoding="UTF-8"?>
<!-- Generated by org.testng.reporters.JUnitReportReporter -->
<testsuite hostname="Naveen" failures="0" tests="2" name="com.TestNG.AddEmployeePfotoGraph" time="7.754" errors="0" timestamp="2023-12-26T20:45:25 IST" skipped="0">
  <testcase classname="com.TestNG.AddEmployeePfotoGraph" name="LaunchBrowser" time="6.147"/>
  <system-out/>
  <testcase classname="com.TestNG.AddEmployeePfotoGraph" name="PIM_Test" time="1.607"/>
  <system-out/>
</testsuite> <!-- com.TestNG.AddEmployeePfotoGraph -->
