<?xml version="1.0" encoding="UTF-8"?>
<!-- Generated by org.testng.reporters.JUnitReportReporter -->
<testsuite hostname="Naveen" failures="0" tests="2" name="com.TestNG.Ohrm_EmployeeList1" time="46.922" errors="0" timestamp="2023-12-25T11:22:12 IST" skipped="0">
  <testcase classname="com.TestNG.Ohrm_EmployeeList1" name="PIM_Addempolye" time="4.611"/>
  <system-out/>
  <testcase classname="com.TestNG.Ohrm_EmployeeList1" name="EmployeeListIntoExcel" time="42.311"/>
  <system-out/>
</testsuite> <!-- com.TestNG.Ohrm_EmployeeList1 -->
