<?xml version="1.0" encoding="UTF-8"?>
<!-- Generated by org.testng.reporters.JUnitReportReporter -->
<testsuite hostname="Naveen" failures="0" tests="1" name="com.TestNG.Orhrm_employeeList" time="3.893" errors="0" timestamp="2023-12-24T22:18:36 IST" skipped="0">
  <testcase classname="com.TestNG.Orhrm_employeeList" name="PIM_Addempolye" time="3.893"/>
  <system-out/>
</testsuite> <!-- com.TestNG.Orhrm_employeeList -->
