<?xml version="1.0" encoding="UTF-8"?>
<!-- Generated by org.testng.reporters.JUnitReportReporter -->
<testsuite hostname="Naveen" failures="0" tests="1" name="com.OhrmWithTestNG.OhrmLogin_Test1" time="4.994" errors="0" timestamp="2023-12-20T17:22:31 IST" skipped="0">
  <testcase classname="com.OhrmWithTestNG.OhrmLogin_Test1" name="LaunchBrowaer" time="4.994"/>
  <system-out/>
</testsuite> <!-- com.OhrmWithTestNG.OhrmLogin_Test1 -->
