<?xml version="1.0" encoding="UTF-8"?>
<!-- Generated by org.testng.reporters.JUnitReportReporter -->
<testsuite hostname="Naveen" failures="0" tests="1" name="com.TestNG.OhrmLoginTest2" time="40.368" errors="0" timestamp="2023-12-25T11:22:49 IST" skipped="0">
  <testcase classname="com.TestNG.OhrmLoginTest2" name="ExcelOperaion" time="40.368"/>
  <system-out/>
</testsuite> <!-- com.TestNG.OhrmLoginTest2 -->
